<?xml version="1.0" encoding="UTF-8"?>
<!-- Generated by org.testng.reporters.JUnitReportReporter -->
<testsuite skipped="0" hostname="DESKTOP-IVQQQE2" name="utility.Utility" tests="1" failures="0" timestamp="2021-03-20T14:37:02 IST" time="0.016" errors="0">
  <testcase name="getCurrentDateAndTime" time="0.016" classname="utility.Utility"/>
  <system-out/>
</testsuite> <!-- utility.Utility -->
