<?xml version="1.0" encoding="UTF-8"?>
<!-- Generated by org.testng.reporters.JUnitReportReporter -->
<testsuite skipped="0" hostname="DESKTOP-IVQQQE2" name="testcases.BookAFlightWithLowerPriceTC" tests="3" failures="0" timestamp="2021-03-21T17:25:09 IST" time="36.591" errors="0">
  <testcase name="bookAFlightWithLowerPriceTC" time="12.227" classname="testcases.BookAFlightWithLowerPriceTC"/>
  <system-out/>
  <testcase name="bookAFlightWithLowerPriceTC" time="13.024" classname="testcases.BookAFlightWithLowerPriceTC"/>
  <system-out/>
  <testcase name="bookAFlightWithLowerPriceTC" time="11.340" classname="testcases.BookAFlightWithLowerPriceTC"/>
  <system-out/>
</testsuite> <!-- testcases.BookAFlightWithLowerPriceTC -->
