<?xml version="1.0" encoding="UTF-8"?>
<!-- Generated by org.testng.reporters.JUnitReportReporter -->
<testsuite skipped="0" hostname="DESKTOP-IVQQQE2" name="testcases.BookAFlightWithLowerPrice_TC" tests="3" failures="0" timestamp="2021-03-22T06:25:14 IST" time="39.443" errors="0">
  <testcase name="bookAFlightWithLowerPriceTC" time="13.588" classname="testcases.BookAFlightWithLowerPrice_TC"/>
  <system-out/>
  <testcase name="bookAFlightWithLowerPriceTC" time="12.254" classname="testcases.BookAFlightWithLowerPrice_TC"/>
  <system-out/>
  <testcase name="bookAFlightWithLowerPriceTC" time="13.601" classname="testcases.BookAFlightWithLowerPrice_TC"/>
  <system-out/>
</testsuite> <!-- testcases.BookAFlightWithLowerPrice_TC -->
