<?xml version="1.0" encoding="UTF-8"?>
<!-- Generated by org.testng.reporters.JUnitReportReporter -->
<testsuite skipped="0" hostname="DESKTOP-IVQQQE2" name="testcases.ValidLogin_TC" tests="1" failures="0" timestamp="2021-03-22T06:58:31 IST" time="39.915" errors="0">
  <testcase name="validLogin_TC" time="39.915" classname="testcases.ValidLogin_TC"/>
  <system-out/>
</testsuite> <!-- testcases.ValidLogin_TC -->
