<?xml version="1.0" encoding="UTF-8"?>
<!-- Generated by org.testng.reporters.JUnitReportReporter -->
<testsuite skipped="0" hostname="DESKTOP-IVQQQE2" name="testcases.BookAFlightWithLowerPrice_TC" tests="3" failures="0" timestamp="2021-03-25T07:28:45 IST" time="51.539" errors="0">
  <testcase name="bookAFlightWithLowerPriceTC" time="17.838" classname="testcases.BookAFlightWithLowerPrice_TC"/>
  <system-out/>
  <testcase name="bookAFlightWithLowerPriceTC" time="16.523" classname="testcases.BookAFlightWithLowerPrice_TC"/>
  <system-out/>
  <testcase name="bookAFlightWithLowerPriceTC" time="17.178" classname="testcases.BookAFlightWithLowerPrice_TC"/>
  <system-out/>
</testsuite> <!-- testcases.BookAFlightWithLowerPrice_TC -->
